{"uuid":"bc49e478-6bd5-44a6-9bf6-99038b3dc154","name":"com.mocion.web.ClubTest","children":["032dc533-9b8e-4230-80f7-e9a037c8a609","acd3e0f9-3c90-47cc-93a3-2b9c991859e1"],"befores":[{"name":"setUp","status":"broken","statusDetails":{"known":false,"muted":false,"flaky":false,"message":"Failed to create driver","trace":"java.lang.RuntimeException: Failed to create driver\r\n\tat com.microsoft.playwright.impl.driver.Driver.createAndInstall(Driver.java:105)\r\n\tat com.microsoft.playwright.impl.driver.Driver.ensureDriverInstalled(Driver.java:57)\r\n\tat com.microsoft.playwright.impl.PlaywrightImpl.createImpl(PlaywrightImpl.java:46)\r\n\tat com.microsoft.playwright.impl.PlaywrightImpl.create(PlaywrightImpl.java:36)\r\n\tat com.microsoft.playwright.Playwright.create(Playwright.java:110)\r\n\tat com.microsoft.playwright.Playwright.create(Playwright.java:114)\r\n\tat com.mocion.web.factory.PlaywrightFactory.initBrowser(PlaywrightFactory.java:16)\r\n\tat com.mocion.web.BaseTest.setUp(BaseTest.java:20)\r\n\tat java.base/jdk.internal.reflect.DirectMethodHandleAccessor.invoke(DirectMethodHandleAccessor.java:103)\r\n\tat java.base/java.lang.reflect.Method.invoke(Method.java:580)\r\n\tat org.testng.internal.invokers.MethodInvocationHelper.invokeMethod(MethodInvocationHelper.java:139)\r\n\tat org.testng.internal.invokers.MethodInvocationHelper.invokeMethodConsideringTimeout(MethodInvocationHelper.java:69)\r\n\tat org.testng.internal.invokers.ConfigInvoker.invokeConfigurationMethod(ConfigInvoker.java:393)\r\n\tat org.testng.internal.invokers.ConfigInvoker.invokeConfigurations(ConfigInvoker.java:326)\r\n\tat org.testng.internal.invokers.TestMethodWorker.invokeBeforeClassMethods(TestMethodWorker.java:180)\r\n\tat org.testng.internal.invokers.TestMethodWorker.run(TestMethodWorker.java:122)\r\n\tat java.base/java.util.ArrayList.forEach(ArrayList.java:1597)\r\n\tat org.testng.TestRunner.privateRun(TestRunner.java:819)\r\n\tat org.testng.TestRunner.run(TestRunner.java:619)\r\n\tat org.testng.SuiteRunner.runTest(SuiteRunner.java:443)\r\n\tat org.testng.SuiteRunner.runSequentially(SuiteRunner.java:437)\r\n\tat org.testng.SuiteRunner.privateRun(SuiteRunner.java:397)\r\n\tat org.testng.SuiteRunner.run(SuiteRunner.java:336)\r\n\tat org.testng.SuiteRunnerWorker.runSuite(SuiteRunnerWorker.java:52)\r\n\tat org.testng.SuiteRunnerWorker.run(SuiteRunnerWorker.java:95)\r\n\tat org.testng.TestNG.runSuitesSequentially(TestNG.java:1301)\r\n\tat org.testng.TestNG.runSuitesLocally(TestNG.java:1228)\r\n\tat org.testng.TestNG.runSuites(TestNG.java:1134)\r\n\tat org.testng.TestNG.run(TestNG.java:1101)\r\n\tat com.intellij.rt.testng.IDEARemoteTestNG.run(IDEARemoteTestNG.java:65)\r\n\tat com.intellij.rt.testng.RemoteTestNGStarter.main(RemoteTestNGStarter.java:105)\r\nCaused by: java.lang.RuntimeException: Timed out waiting for browsers to install\r\n\tat com.microsoft.playwright.impl.driver.jar.DriverJar.installBrowsers(DriverJar.java:96)\r\n\tat com.microsoft.playwright.impl.driver.jar.DriverJar.initialize(DriverJar.java:68)\r\n\tat com.microsoft.playwright.impl.driver.Driver.initialize(Driver.java:64)\r\n\tat com.microsoft.playwright.impl.driver.Driver.createAndInstall(Driver.java:101)\r\n\t... 30 more\r\n"},"stage":"finished","description":"","steps":[],"attachments":[],"parameters":[],"start":1748527695257,"stop":1748528301463}],"afters":[{"name":"tearDown","status":"broken","stage":"finished","description":"","steps":[],"attachments":[],"parameters":[],"start":1748528301988,"stop":1748528301988}],"start":1748527695231,"stop":1748528302002}